2017/08/22 17:00:17 INFO  org.alidata.odps.udf.arima.ARIMATest.main(ARIMATest.java:44) [line 1: 201407_18705.0;201409_18267.0;201410_11692.0;201411_2960.0;201412_21240.0;201501_56187.0;201503_17584.0;201506_4780.0;201507_72822.0;201508_7920.0;201509_15220.0;201510_15522.0;201511_36876.0;201512_16860.0;201604_30240.0;201605_24906.0;201606_117152.0;201607_16482.0;201608_10006.0;201609_12562.0;201610_3991.0;201611_45728.0;201612_27423.0;201701_1808.0;201702_9664.0;201703_9430.0;201704_4038.0;201705_12160.0;201706_32474.0;201707_17804.0]
2017/08/22 17:00:17 INFO  org.alidata.odps.udf.arima.ARIMATest.main(ARIMATest.java:96) [0=18705.0]
2017/08/22 17:00:17 INFO  org.alidata.odps.udf.arima.ARIMATest.main(ARIMATest.java:96) [1=0.0]
2017/08/22 17:00:17 INFO  org.alidata.odps.udf.arima.ARIMATest.main(ARIMATest.java:96) [2=18267.0]
2017/08/22 17:00:17 INFO  org.alidata.odps.udf.arima.ARIMATest.main(ARIMATest.java:96) [3=11692.0]
2017/08/22 17:00:17 INFO  org.alidata.odps.udf.arima.ARIMATest.main(ARIMATest.java:96) [4=2960.0]
2017/08/22 17:00:17 INFO  org.alidata.odps.udf.arima.ARIMATest.main(ARIMATest.java:96) [5=21240.0]
2017/08/22 17:00:17 INFO  org.alidata.odps.udf.arima.ARIMATest.main(ARIMATest.java:96) [6=56187.0]
2017/08/22 17:00:17 INFO  org.alidata.odps.udf.arima.ARIMATest.main(ARIMATest.java:96) [7=0.0]
2017/08/22 17:00:17 INFO  org.alidata.odps.udf.arima.ARIMATest.main(ARIMATest.java:96) [8=17584.0]
2017/08/22 17:00:17 INFO  org.alidata.odps.udf.arima.ARIMATest.main(ARIMATest.java:96) [9=0.0]
2017/08/22 17:00:17 INFO  org.alidata.odps.udf.arima.ARIMATest.main(ARIMATest.java:96) [10=0.0]
2017/08/22 17:00:17 INFO  org.alidata.odps.udf.arima.ARIMATest.main(ARIMATest.java:96) [11=4780.0]
2017/08/22 17:00:17 INFO  org.alidata.odps.udf.arima.ARIMATest.main(ARIMATest.java:96) [12=72822.0]
2017/08/22 17:00:17 INFO  org.alidata.odps.udf.arima.ARIMATest.main(ARIMATest.java:96) [13=7920.0]
2017/08/22 17:00:17 INFO  org.alidata.odps.udf.arima.ARIMATest.main(ARIMATest.java:96) [14=15220.0]
2017/08/22 17:00:17 INFO  org.alidata.odps.udf.arima.ARIMATest.main(ARIMATest.java:96) [15=15522.0]
2017/08/22 17:00:17 INFO  org.alidata.odps.udf.arima.ARIMATest.main(ARIMATest.java:96) [16=36876.0]
2017/08/22 17:00:17 INFO  org.alidata.odps.udf.arima.ARIMATest.main(ARIMATest.java:96) [17=16860.0]
2017/08/22 17:00:17 INFO  org.alidata.odps.udf.arima.ARIMATest.main(ARIMATest.java:96) [18=0.0]
2017/08/22 17:00:17 INFO  org.alidata.odps.udf.arima.ARIMATest.main(ARIMATest.java:96) [19=0.0]
2017/08/22 17:00:17 INFO  org.alidata.odps.udf.arima.ARIMATest.main(ARIMATest.java:96) [20=0.0]
2017/08/22 17:00:17 INFO  org.alidata.odps.udf.arima.ARIMATest.main(ARIMATest.java:96) [21=30240.0]
2017/08/22 17:00:17 INFO  org.alidata.odps.udf.arima.ARIMATest.main(ARIMATest.java:96) [22=24906.0]
2017/08/22 17:00:17 INFO  org.alidata.odps.udf.arima.ARIMATest.main(ARIMATest.java:96) [23=117152.0]
2017/08/22 17:00:17 INFO  org.alidata.odps.udf.arima.ARIMATest.main(ARIMATest.java:96) [24=16482.0]
2017/08/22 17:00:17 INFO  org.alidata.odps.udf.arima.ARIMATest.main(ARIMATest.java:96) [25=10006.0]
2017/08/22 17:00:17 INFO  org.alidata.odps.udf.arima.ARIMATest.main(ARIMATest.java:96) [26=12562.0]
2017/08/22 17:00:17 INFO  org.alidata.odps.udf.arima.ARIMATest.main(ARIMATest.java:96) [27=3991.0]
2017/08/22 17:00:17 INFO  org.alidata.odps.udf.arima.ARIMATest.main(ARIMATest.java:96) [28=45728.0]
2017/08/22 17:00:17 INFO  org.alidata.odps.udf.arima.ARIMATest.main(ARIMATest.java:96) [29=27423.0]
2017/08/22 17:00:17 INFO  org.alidata.odps.udf.arima.ARIMATest.main(ARIMATest.java:96) [30=1808.0]
2017/08/22 17:00:17 INFO  org.alidata.odps.udf.arima.ARIMATest.main(ARIMATest.java:96) [31=9664.0]
2017/08/22 17:00:17 INFO  org.alidata.odps.udf.arima.ARIMATest.main(ARIMATest.java:96) [32=9430.0]
2017/08/22 17:00:17 INFO  org.alidata.odps.udf.arima.ARIMATest.main(ARIMATest.java:96) [33=4038.0]
2017/08/22 17:00:17 INFO  org.alidata.odps.udf.arima.ARIMATest.main(ARIMATest.java:96) [34=12160.0]
2017/08/22 17:00:17 INFO  org.alidata.odps.udf.arima.ARIMATest.main(ARIMATest.java:96) [35=32474.0]
2017/08/22 17:00:17 INFO  org.alidata.odps.udf.arima.ARIMATest.main(ARIMATest.java:99) [target=17804.0]
2017/08/22 17:00:18 INFO  org.alidata.odps.udf.arima.ARIMAModel.getARIMAModel(ARIMAModel.java:135) [best model p=0 q=1 aic=745.6351718227602]
2017/08/22 17:00:18 INFO  org.alidata.odps.udf.arima.ARIMAModel.getARIMAModel(ARIMAModel.java:135) [best model p=0 q=2 aic=727.8412730586723]
2017/08/22 17:00:18 INFO  org.alidata.odps.udf.arima.ARIMAModel.getARIMAModel(ARIMAModel.java:135) [best model p=0 q=3 aic=710.3621528963147]
2017/08/22 17:00:18 INFO  org.alidata.odps.udf.arima.ARIMAModel.getARIMAModel(ARIMAModel.java:135) [best model p=0 q=4 aic=693.1681700644416]
2017/08/22 17:00:18 INFO  org.alidata.odps.udf.arima.ARIMAModel.getARIMAModel(ARIMAModel.java:135) [best model p=0 q=5 aic=674.2756983899499]
2017/08/22 17:00:18 INFO  org.alidata.odps.udf.arima.ARIMAModel.getARIMAModel(ARIMAModel.java:135) [best model p=0 q=6 aic=656.6183292189869]
2017/08/22 17:00:18 INFO  org.alidata.odps.udf.arima.ARIMAModel.getARIMAModel(ARIMAModel.java:135) [best model p=0 q=7 aic=637.4988963715683]
2017/08/22 17:00:18 INFO  org.alidata.odps.udf.arima.ARIMAModel.getARIMAModel(ARIMAModel.java:135) [best model p=0 q=8 aic=620.2135855845739]
2017/08/22 17:00:18 INFO  org.alidata.odps.udf.arima.ARIMAModel.getARIMAModel(ARIMAModel.java:135) [best model p=0 q=9 aic=603.9725093640021]
2017/08/22 17:00:18 INFO  org.alidata.odps.udf.arima.ARIMAModel.getARIMAModel(ARIMAModel.java:135) [best model p=0 q=10 aic=583.6705933542962]
2017/08/22 17:00:18 INFO  org.alidata.odps.udf.arima.ARIMAModel.getARIMAModel(ARIMAModel.java:135) [best model p=0 q=11 aic=564.6026067399715]
2017/08/22 17:00:18 INFO  org.alidata.odps.udf.arima.ARIMAModel.getARIMAModel(ARIMAModel.java:135) [best model p=0 q=12 aic=548.9240187359275]
2017/08/22 17:00:18 INFO  org.alidata.odps.udf.arima.ARIMAModel.getARIMAModel(ARIMAModel.java:135) [best model p=1 q=11 aic=541.7701146546318]
2017/08/22 17:00:18 INFO  org.alidata.odps.udf.arima.ARIMAModel.getARIMAModel(ARIMAModel.java:135) [best model p=3 q=12 aic=504.91041032357236]
2017/08/22 17:00:18 INFO  org.alidata.odps.udf.arima.ARIMAModel.getARIMAModel(ARIMAModel.java:135) [best model p=6 q=11 aic=474.46531202998733]
2017/08/22 17:00:18 INFO  org.alidata.odps.udf.arima.ARIMAModel.getARIMAModel(ARIMAModel.java:135) [best model p=7 q=11 aic=460.18559425755063]
2017/08/22 17:00:18 INFO  org.alidata.odps.udf.arima.ARIMAModel.getARIMAModel(ARIMAModel.java:135) [best model p=7 q=12 aic=451.67776400878415]
2017/08/22 17:00:18 INFO  org.alidata.odps.udf.arima.ARIMAModel.getARIMAModel(ARIMAModel.java:135) [best model p=8 q=10 aic=444.9951336979138]
2017/08/22 17:00:18 INFO  org.alidata.odps.udf.arima.ARIMAModel.getARIMAModel(ARIMAModel.java:135) [best model p=8 q=11 aic=439.81316191795133]
2017/08/22 17:00:18 INFO  org.alidata.odps.udf.arima.ARIMAModel.getARIMAModel(ARIMAModel.java:135) [best model p=8 q=12 aic=425.5506262528026]
2017/08/22 17:00:18 INFO  org.alidata.odps.udf.arima.ARIMAModel.getARIMAModel(ARIMAModel.java:135) [best model p=9 q=12 aic=395.9466882909358]
2017/08/22 17:00:18 INFO  org.alidata.odps.udf.arima.ARIMAModel.getARIMAModel(ARIMAModel.java:135) [best model p=10 q=11 aic=392.8437211081908]
2017/08/22 17:00:18 INFO  org.alidata.odps.udf.arima.ARIMAModel.getARIMAModel(ARIMAModel.java:135) [best model p=10 q=12 aic=375.13154613558606]
2017/08/22 17:00:18 INFO  org.alidata.odps.udf.arima.ARIMAModel.getARIMAModel(ARIMAModel.java:135) [best model p=12 q=12 aic=368.7408603493937]
2017/08/22 17:00:18 INFO  org.alidata.odps.udf.arima.ARIMAModel.predictValue(ARIMAModel.java:190) [arCoe[0]=1.673599768124987]
2017/08/22 17:00:18 INFO  org.alidata.odps.udf.arima.ARIMAModel.predictValue(ARIMAModel.java:190) [arCoe[1]=2.8484712264688214]
2017/08/22 17:00:18 INFO  org.alidata.odps.udf.arima.ARIMAModel.predictValue(ARIMAModel.java:190) [arCoe[2]=1.3866564207081622]
2017/08/22 17:00:18 INFO  org.alidata.odps.udf.arima.ARIMAModel.predictValue(ARIMAModel.java:190) [arCoe[3]=-0.17356683796056616]
2017/08/22 17:00:18 INFO  org.alidata.odps.udf.arima.ARIMAModel.predictValue(ARIMAModel.java:190) [arCoe[4]=-0.7480459229122817]
2017/08/22 17:00:18 INFO  org.alidata.odps.udf.arima.ARIMAModel.predictValue(ARIMAModel.java:190) [arCoe[5]=2.0548549276085133]
2017/08/22 17:00:18 INFO  org.alidata.odps.udf.arima.ARIMAModel.predictValue(ARIMAModel.java:190) [arCoe[6]=-1.4319794386732825]
2017/08/22 17:00:18 INFO  org.alidata.odps.udf.arima.ARIMAModel.predictValue(ARIMAModel.java:190) [arCoe[7]=0.05787098117219214]
2017/08/22 17:00:18 INFO  org.alidata.odps.udf.arima.ARIMAModel.predictValue(ARIMAModel.java:190) [arCoe[8]=0.2311644428486398]
2017/08/22 17:00:18 INFO  org.alidata.odps.udf.arima.ARIMAModel.predictValue(ARIMAModel.java:190) [arCoe[9]=0.12094927332565275]
2017/08/22 17:00:18 INFO  org.alidata.odps.udf.arima.ARIMAModel.predictValue(ARIMAModel.java:190) [arCoe[10]=-3.388333085269714]
2017/08/22 17:00:18 INFO  org.alidata.odps.udf.arima.ARIMAModel.predictValue(ARIMAModel.java:190) [arCoe[11]=-2.1753328943205714]
2017/08/22 17:00:18 INFO  org.alidata.odps.udf.arima.ARIMAModel.predictValue(ARIMAModel.java:190) [arCoe[12]=1.1251961698642507E9]
2017/08/22 17:00:18 INFO  org.alidata.odps.udf.arima.ARIMAModel.predictValue(ARIMAModel.java:192) [p=12]
2017/08/22 17:00:18 INFO  org.alidata.odps.udf.arima.ARIMAModel.predictValue(ARIMAModel.java:195) [maCoe[0]=1.1086937753835297E10]
2017/08/22 17:00:18 INFO  org.alidata.odps.udf.arima.ARIMAModel.predictValue(ARIMAModel.java:195) [maCoe[1]=0.2628781897891473]
2017/08/22 17:00:18 INFO  org.alidata.odps.udf.arima.ARIMAModel.predictValue(ARIMAModel.java:195) [maCoe[2]=-0.1546357324641983]
2017/08/22 17:00:18 INFO  org.alidata.odps.udf.arima.ARIMAModel.predictValue(ARIMAModel.java:195) [maCoe[3]=-0.3366995029600062]
2017/08/22 17:00:18 INFO  org.alidata.odps.udf.arima.ARIMAModel.predictValue(ARIMAModel.java:195) [maCoe[4]=0.36098224603140794]
2017/08/22 17:00:18 INFO  org.alidata.odps.udf.arima.ARIMAModel.predictValue(ARIMAModel.java:195) [maCoe[5]=-0.3200101217955559]
2017/08/22 17:00:18 INFO  org.alidata.odps.udf.arima.ARIMAModel.predictValue(ARIMAModel.java:195) [maCoe[6]=-0.017760766591351475]
2017/08/22 17:00:18 INFO  org.alidata.odps.udf.arima.ARIMAModel.predictValue(ARIMAModel.java:195) [maCoe[7]=0.2753389846098167]
2017/08/22 17:00:18 INFO  org.alidata.odps.udf.arima.ARIMAModel.predictValue(ARIMAModel.java:195) [maCoe[8]=-0.5240442310092165]
2017/08/22 17:00:18 INFO  org.alidata.odps.udf.arima.ARIMAModel.predictValue(ARIMAModel.java:195) [maCoe[9]=-0.03658890349005085]
2017/08/22 17:00:18 INFO  org.alidata.odps.udf.arima.ARIMAModel.predictValue(ARIMAModel.java:195) [maCoe[10]=-0.07420475946942436]
2017/08/22 17:00:18 INFO  org.alidata.odps.udf.arima.ARIMAModel.predictValue(ARIMAModel.java:195) [maCoe[11]=0.004923672704403824]
2017/08/22 17:00:18 INFO  org.alidata.odps.udf.arima.ARIMAModel.predictValue(ARIMAModel.java:195) [maCoe[12]=0.11108333085358056]
2017/08/22 17:00:18 INFO  org.alidata.odps.udf.arima.ARIMAModel.predictValue(ARIMAModel.java:197) [q=12]
2017/08/22 17:00:18 INFO  org.alidata.odps.udf.arima.ARIMATest.main(ARIMATest.java:110) [BestModel is 12 12]
2017/08/22 17:00:18 INFO  org.alidata.odps.udf.arima.ARIMATest.main(ARIMATest.java:115) [Predict value=-401692.0 Target value=17804.0 Predict error=-23.561896203100428]
2017/08/22 17:00:18 INFO  org.alidata.odps.udf.arima.ARIMATest.main(ARIMATest.java:44) [line 2: 201407_594.0;201411_720.0;201501_4346.0;201505_43640.0;201506_3200.0;201507_5300.0;201508_15246.0;201509_2576.0;201511_28506.0;201512_16477.0;201601_600.0;201602_50.0;201603_17125.0;201604_4000.0;201605_4160.0;201606_23830.0;201607_8288.0;201608_16556.0;201609_11302.0;201610_19538.0;201611_19005.0;201612_16913.0;201702_23972.0;201703_6350.0;201704_9648.0;201705_2080.0;201706_5732.0;201707_21457.0]
2017/08/22 17:00:18 INFO  org.alidata.odps.udf.arima.ARIMATest.main(ARIMATest.java:96) [0=594.0]
2017/08/22 17:00:18 INFO  org.alidata.odps.udf.arima.ARIMATest.main(ARIMATest.java:96) [1=0.0]
2017/08/22 17:00:18 INFO  org.alidata.odps.udf.arima.ARIMATest.main(ARIMATest.java:96) [2=0.0]
2017/08/22 17:00:18 INFO  org.alidata.odps.udf.arima.ARIMATest.main(ARIMATest.java:96) [3=0.0]
2017/08/22 17:00:18 INFO  org.alidata.odps.udf.arima.ARIMATest.main(ARIMATest.java:96) [4=720.0]
2017/08/22 17:00:18 INFO  org.alidata.odps.udf.arima.ARIMATest.main(ARIMATest.java:96) [5=0.0]
2017/08/22 17:00:18 INFO  org.alidata.odps.udf.arima.ARIMATest.main(ARIMATest.java:96) [6=4346.0]
2017/08/22 17:00:18 INFO  org.alidata.odps.udf.arima.ARIMATest.main(ARIMATest.java:96) [7=0.0]
2017/08/22 17:00:18 INFO  org.alidata.odps.udf.arima.ARIMATest.main(ARIMATest.java:96) [8=0.0]
2017/08/22 17:00:18 INFO  org.alidata.odps.udf.arima.ARIMATest.main(ARIMATest.java:96) [9=0.0]
2017/08/22 17:00:18 INFO  org.alidata.odps.udf.arima.ARIMATest.main(ARIMATest.java:96) [10=43640.0]
2017/08/22 17:00:18 INFO  org.alidata.odps.udf.arima.ARIMATest.main(ARIMATest.java:96) [11=3200.0]
2017/08/22 17:00:18 INFO  org.alidata.odps.udf.arima.ARIMATest.main(ARIMATest.java:96) [12=5300.0]
2017/08/22 17:00:18 INFO  org.alidata.odps.udf.arima.ARIMATest.main(ARIMATest.java:96) [13=15246.0]
2017/08/22 17:00:18 INFO  org.alidata.odps.udf.arima.ARIMATest.main(ARIMATest.java:96) [14=2576.0]
2017/08/22 17:00:18 INFO  org.alidata.odps.udf.arima.ARIMATest.main(ARIMATest.java:96) [15=0.0]
2017/08/22 17:00:18 INFO  org.alidata.odps.udf.arima.ARIMATest.main(ARIMATest.java:96) [16=28506.0]
2017/08/22 17:00:18 INFO  org.alidata.odps.udf.arima.ARIMATest.main(ARIMATest.java:96) [17=16477.0]
2017/08/22 17:00:18 INFO  org.alidata.odps.udf.arima.ARIMATest.main(ARIMATest.java:96) [18=600.0]
2017/08/22 17:00:18 INFO  org.alidata.odps.udf.arima.ARIMATest.main(ARIMATest.java:96) [19=50.0]
2017/08/22 17:00:18 INFO  org.alidata.odps.udf.arima.ARIMATest.main(ARIMATest.java:96) [20=17125.0]
2017/08/22 17:00:18 INFO  org.alidata.odps.udf.arima.ARIMATest.main(ARIMATest.java:96) [21=4000.0]
2017/08/22 17:00:18 INFO  org.alidata.odps.udf.arima.ARIMATest.main(ARIMATest.java:96) [22=4160.0]
2017/08/22 17:00:18 INFO  org.alidata.odps.udf.arima.ARIMATest.main(ARIMATest.java:96) [23=23830.0]
2017/08/22 17:00:18 INFO  org.alidata.odps.udf.arima.ARIMATest.main(ARIMATest.java:96) [24=8288.0]
2017/08/22 17:00:18 INFO  org.alidata.odps.udf.arima.ARIMATest.main(ARIMATest.java:96) [25=16556.0]
2017/08/22 17:00:18 INFO  org.alidata.odps.udf.arima.ARIMATest.main(ARIMATest.java:96) [26=11302.0]
2017/08/22 17:00:18 INFO  org.alidata.odps.udf.arima.ARIMATest.main(ARIMATest.java:96) [27=19538.0]
2017/08/22 17:00:18 INFO  org.alidata.odps.udf.arima.ARIMATest.main(ARIMATest.java:96) [28=19005.0]
2017/08/22 17:00:18 INFO  org.alidata.odps.udf.arima.ARIMATest.main(ARIMATest.java:96) [29=16913.0]
2017/08/22 17:00:18 INFO  org.alidata.odps.udf.arima.ARIMATest.main(ARIMATest.java:96) [30=0.0]
2017/08/22 17:00:18 INFO  org.alidata.odps.udf.arima.ARIMATest.main(ARIMATest.java:96) [31=23972.0]
2017/08/22 17:00:18 INFO  org.alidata.odps.udf.arima.ARIMATest.main(ARIMATest.java:96) [32=6350.0]
2017/08/22 17:00:18 INFO  org.alidata.odps.udf.arima.ARIMATest.main(ARIMATest.java:96) [33=9648.0]
2017/08/22 17:00:18 INFO  org.alidata.odps.udf.arima.ARIMATest.main(ARIMATest.java:96) [34=2080.0]
2017/08/22 17:00:18 INFO  org.alidata.odps.udf.arima.ARIMATest.main(ARIMATest.java:96) [35=5732.0]
2017/08/22 17:00:18 INFO  org.alidata.odps.udf.arima.ARIMATest.main(ARIMATest.java:99) [target=21457.0]
2017/08/22 17:00:18 INFO  org.alidata.odps.udf.arima.ARIMAModel.getARIMAModel(ARIMAModel.java:135) [best model p=0 q=1 aic=687.936934973447]
2017/08/22 17:00:18 INFO  org.alidata.odps.udf.arima.ARIMAModel.getARIMAModel(ARIMAModel.java:135) [best model p=0 q=2 aic=672.2003832075217]
2017/08/22 17:00:18 INFO  org.alidata.odps.udf.arima.ARIMAModel.getARIMAModel(ARIMAModel.java:135) [best model p=0 q=3 aic=654.6283071001891]
2017/08/22 17:00:18 INFO  org.alidata.odps.udf.arima.ARIMAModel.getARIMAModel(ARIMAModel.java:135) [best model p=0 q=4 aic=641.5724722577239]
2017/08/22 17:00:18 INFO  org.alidata.odps.udf.arima.ARIMAModel.getARIMAModel(ARIMAModel.java:135) [best model p=0 q=5 aic=623.173168627996]
2017/08/22 17:00:18 INFO  org.alidata.odps.udf.arima.ARIMAModel.getARIMAModel(ARIMAModel.java:135) [best model p=0 q=6 aic=609.1038208488222]
2017/08/22 17:00:18 INFO  org.alidata.odps.udf.arima.ARIMAModel.getARIMAModel(ARIMAModel.java:135) [best model p=0 q=7 aic=592.0469419075496]
2017/08/22 17:00:18 INFO  org.alidata.odps.udf.arima.ARIMAModel.getARIMAModel(ARIMAModel.java:135) [best model p=0 q=8 aic=574.8941892207359]
2017/08/22 17:00:18 INFO  org.alidata.odps.udf.arima.ARIMAModel.getARIMAModel(ARIMAModel.java:135) [best model p=0 q=9 aic=557.7057502473365]
2017/08/22 17:00:18 INFO  org.alidata.odps.udf.arima.ARIMAModel.getARIMAModel(ARIMAModel.java:135) [best model p=0 q=10 aic=540.8956289902617]
2017/08/22 17:00:18 INFO  org.alidata.odps.udf.arima.ARIMAModel.getARIMAModel(ARIMAModel.java:135) [best model p=0 q=11 aic=518.5881479075441]
2017/08/22 17:00:18 INFO  org.alidata.odps.udf.arima.ARIMAModel.getARIMAModel(ARIMAModel.java:135) [best model p=0 q=12 aic=502.4922528945186]
2017/08/22 17:00:18 INFO  org.alidata.odps.udf.arima.ARIMAModel.getARIMAModel(ARIMAModel.java:135) [best model p=2 q=12 aic=483.81562733413773]
2017/08/22 17:00:18 INFO  org.alidata.odps.udf.arima.ARIMAModel.getARIMAModel(ARIMAModel.java:135) [best model p=3 q=12 aic=476.60737386661685]
2017/08/22 17:00:18 INFO  org.alidata.odps.udf.arima.ARIMAModel.getARIMAModel(ARIMAModel.java:135) [best model p=4 q=12 aic=458.0794908695154]
2017/08/22 17:00:18 INFO  org.alidata.odps.udf.arima.ARIMAModel.getARIMAModel(ARIMAModel.java:135) [best model p=6 q=11 aic=433.4082327321825]
2017/08/22 17:00:18 INFO  org.alidata.odps.udf.arima.ARIMAModel.getARIMAModel(ARIMAModel.java:135) [best model p=7 q=12 aic=428.65935102247295]
2017/08/22 17:00:18 INFO  org.alidata.odps.udf.arima.ARIMAModel.getARIMAModel(ARIMAModel.java:135) [best model p=8 q=10 aic=426.2175082133071]
2017/08/22 17:00:18 INFO  org.alidata.odps.udf.arima.ARIMAModel.getARIMAModel(ARIMAModel.java:135) [best model p=8 q=12 aic=417.81405350428395]
2017/08/22 17:00:18 INFO  org.alidata.odps.udf.arima.ARIMAModel.getARIMAModel(ARIMAModel.java:135) [best model p=9 q=10 aic=417.5146340579851]
2017/08/22 17:00:18 INFO  org.alidata.odps.udf.arima.ARIMAModel.getARIMAModel(ARIMAModel.java:135) [best model p=10 q=11 aic=409.84316309924145]
2017/08/22 17:00:18 INFO  org.alidata.odps.udf.arima.ARIMAModel.getARIMAModel(ARIMAModel.java:135) [best model p=11 q=8 aic=405.7214918159013]
2017/08/22 17:00:18 INFO  org.alidata.odps.udf.arima.ARIMAModel.getARIMAModel(ARIMAModel.java:135) [best model p=11 q=9 aic=405.5839726702847]
2017/08/22 17:00:18 INFO  org.alidata.odps.udf.arima.ARIMAModel.getARIMAModel(ARIMAModel.java:135) [best model p=11 q=11 aic=373.8548208488199]
2017/08/22 17:00:18 INFO  org.alidata.odps.udf.arima.ARIMAModel.predictValue(ARIMAModel.java:190) [arCoe[0]=1.2366141952998437]
2017/08/22 17:00:18 INFO  org.alidata.odps.udf.arima.ARIMAModel.predictValue(ARIMAModel.java:190) [arCoe[1]=-0.9986584966946688]
2017/08/22 17:00:18 INFO  org.alidata.odps.udf.arima.ARIMAModel.predictValue(ARIMAModel.java:190) [arCoe[2]=1.8533521681339789]
2017/08/22 17:00:18 INFO  org.alidata.odps.udf.arima.ARIMAModel.predictValue(ARIMAModel.java:190) [arCoe[3]=-1.842969461400023]
2017/08/22 17:00:18 INFO  org.alidata.odps.udf.arima.ARIMAModel.predictValue(ARIMAModel.java:190) [arCoe[4]=-0.15617955564904118]
2017/08/22 17:00:18 INFO  org.alidata.odps.udf.arima.ARIMAModel.predictValue(ARIMAModel.java:190) [arCoe[5]=-0.1206425510735385]
2017/08/22 17:00:18 INFO  org.alidata.odps.udf.arima.ARIMAModel.predictValue(ARIMAModel.java:190) [arCoe[6]=-1.849282300878087]
2017/08/22 17:00:18 INFO  org.alidata.odps.udf.arima.ARIMAModel.predictValue(ARIMAModel.java:190) [arCoe[7]=1.6797085248497798]
2017/08/22 17:00:18 INFO  org.alidata.odps.udf.arima.ARIMAModel.predictValue(ARIMAModel.java:190) [arCoe[8]=-1.1411178889674378]
2017/08/22 17:00:18 INFO  org.alidata.odps.udf.arima.ARIMAModel.predictValue(ARIMAModel.java:190) [arCoe[9]=1.212505040335764]
2017/08/22 17:00:18 INFO  org.alidata.odps.udf.arima.ARIMAModel.predictValue(ARIMAModel.java:190) [arCoe[10]=-1.0216413380428562]
2017/08/22 17:00:18 INFO  org.alidata.odps.udf.arima.ARIMAModel.predictValue(ARIMAModel.java:190) [arCoe[11]=-8113248.226294158]
2017/08/22 17:00:18 INFO  org.alidata.odps.udf.arima.ARIMAModel.predictValue(ARIMAModel.java:192) [p=11]
2017/08/22 17:00:18 INFO  org.alidata.odps.udf.arima.ARIMAModel.predictValue(ARIMAModel.java:195) [maCoe[0]=3.6084900483574826E8]
2017/08/22 17:00:18 INFO  org.alidata.odps.udf.arima.ARIMAModel.predictValue(ARIMAModel.java:195) [maCoe[1]=-0.5101392203421151]
2017/08/22 17:00:18 INFO  org.alidata.odps.udf.arima.ARIMAModel.predictValue(ARIMAModel.java:195) [maCoe[2]=0.3837414997727878]
2017/08/22 17:00:18 INFO  org.alidata.odps.udf.arima.ARIMAModel.predictValue(ARIMAModel.java:195) [maCoe[3]=0.11518598249903378]
2017/08/22 17:00:18 INFO  org.alidata.odps.udf.arima.ARIMAModel.predictValue(ARIMAModel.java:195) [maCoe[4]=-0.017979393423055712]
2017/08/22 17:00:18 INFO  org.alidata.odps.udf.arima.ARIMAModel.predictValue(ARIMAModel.java:195) [maCoe[5]=0.16919755818407642]
2017/08/22 17:00:18 INFO  org.alidata.odps.udf.arima.ARIMAModel.predictValue(ARIMAModel.java:195) [maCoe[6]=0.2632359519030849]
2017/08/22 17:00:18 INFO  org.alidata.odps.udf.arima.ARIMAModel.predictValue(ARIMAModel.java:195) [maCoe[7]=0.27085687109762396]
2017/08/22 17:00:18 INFO  org.alidata.odps.udf.arima.ARIMAModel.predictValue(ARIMAModel.java:195) [maCoe[8]=0.12781103455720763]
2017/08/22 17:00:18 INFO  org.alidata.odps.udf.arima.ARIMAModel.predictValue(ARIMAModel.java:195) [maCoe[9]=-0.5501856393502279]
2017/08/22 17:00:18 INFO  org.alidata.odps.udf.arima.ARIMAModel.predictValue(ARIMAModel.java:195) [maCoe[10]=-0.3112593237380577]
2017/08/22 17:00:18 INFO  org.alidata.odps.udf.arima.ARIMAModel.predictValue(ARIMAModel.java:195) [maCoe[11]=0.331741749222083]
2017/08/22 17:00:18 INFO  org.alidata.odps.udf.arima.ARIMAModel.predictValue(ARIMAModel.java:197) [q=11]
2017/08/22 17:00:18 INFO  org.alidata.odps.udf.arima.ARIMATest.main(ARIMATest.java:110) [BestModel is 11 11]
2017/08/22 17:00:18 INFO  org.alidata.odps.udf.arima.ARIMATest.main(ARIMATest.java:115) [Predict value=-45915.0 Target value=21457.0 Predict error=-3.1398611175840054]
2017/08/22 17:00:18 INFO  org.alidata.odps.udf.arima.ARIMATest.main(ARIMATest.java:44) [line 3: 201407_9391.0;201408_1100.0;201409_20475.0;201410_11603.0;201411_2960.0;201412_22260.0;201501_19527.0;201502_3200.0;201503_10550.0;201504_7313.0;201506_15210.0;201507_93840.0;201508_11152.0;201509_24429.0;201510_7639.0;201511_51242.0;201512_25780.0;201601_2040.0;201602_12908.0;201603_23470.0;201604_60366.0;201605_37111.0;201606_120116.0;201607_68239.0;201608_54595.0;201609_12752.0;201610_54166.0;201611_43604.0;201612_20614.0;201701_18458.0;201702_49886.0;201703_42060.0;201704_62510.0;201705_29985.0;201706_13973.0;201707_61538.0]
2017/08/22 17:00:18 INFO  org.alidata.odps.udf.arima.ARIMATest.main(ARIMATest.java:96) [0=9391.0]
2017/08/22 17:00:18 INFO  org.alidata.odps.udf.arima.ARIMATest.main(ARIMATest.java:96) [1=1100.0]
2017/08/22 17:00:18 INFO  org.alidata.odps.udf.arima.ARIMATest.main(ARIMATest.java:96) [2=20475.0]
2017/08/22 17:00:18 INFO  org.alidata.odps.udf.arima.ARIMATest.main(ARIMATest.java:96) [3=11603.0]
2017/08/22 17:00:18 INFO  org.alidata.odps.udf.arima.ARIMATest.main(ARIMATest.java:96) [4=2960.0]
2017/08/22 17:00:18 INFO  org.alidata.odps.udf.arima.ARIMATest.main(ARIMATest.java:96) [5=22260.0]
2017/08/22 17:00:18 INFO  org.alidata.odps.udf.arima.ARIMATest.main(ARIMATest.java:96) [6=19527.0]
2017/08/22 17:00:18 INFO  org.alidata.odps.udf.arima.ARIMATest.main(ARIMATest.java:96) [7=3200.0]
2017/08/22 17:00:18 INFO  org.alidata.odps.udf.arima.ARIMATest.main(ARIMATest.java:96) [8=10550.0]
2017/08/22 17:00:18 INFO  org.alidata.odps.udf.arima.ARIMATest.main(ARIMATest.java:96) [9=7313.0]
2017/08/22 17:00:18 INFO  org.alidata.odps.udf.arima.ARIMATest.main(ARIMATest.java:96) [10=0.0]
2017/08/22 17:00:18 INFO  org.alidata.odps.udf.arima.ARIMATest.main(ARIMATest.java:96) [11=15210.0]
2017/08/22 17:00:18 INFO  org.alidata.odps.udf.arima.ARIMATest.main(ARIMATest.java:96) [12=93840.0]
2017/08/22 17:00:18 INFO  org.alidata.odps.udf.arima.ARIMATest.main(ARIMATest.java:96) [13=11152.0]
2017/08/22 17:00:18 INFO  org.alidata.odps.udf.arima.ARIMATest.main(ARIMATest.java:96) [14=24429.0]
2017/08/22 17:00:18 INFO  org.alidata.odps.udf.arima.ARIMATest.main(ARIMATest.java:96) [15=7639.0]
2017/08/22 17:00:18 INFO  org.alidata.odps.udf.arima.ARIMATest.main(ARIMATest.java:96) [16=51242.0]
2017/08/22 17:00:18 INFO  org.alidata.odps.udf.arima.ARIMATest.main(ARIMATest.java:96) [17=25780.0]
2017/08/22 17:00:18 INFO  org.alidata.odps.udf.arima.ARIMATest.main(ARIMATest.java:96) [18=2040.0]
2017/08/22 17:00:18 INFO  org.alidata.odps.udf.arima.ARIMATest.main(ARIMATest.java:96) [19=12908.0]
2017/08/22 17:00:18 INFO  org.alidata.odps.udf.arima.ARIMATest.main(ARIMATest.java:96) [20=23470.0]
2017/08/22 17:00:18 INFO  org.alidata.odps.udf.arima.ARIMATest.main(ARIMATest.java:96) [21=60366.0]
2017/08/22 17:00:18 INFO  org.alidata.odps.udf.arima.ARIMATest.main(ARIMATest.java:96) [22=37111.0]
2017/08/22 17:00:18 INFO  org.alidata.odps.udf.arima.ARIMATest.main(ARIMATest.java:96) [23=120116.0]
2017/08/22 17:00:18 INFO  org.alidata.odps.udf.arima.ARIMATest.main(ARIMATest.java:96) [24=68239.0]
2017/08/22 17:00:18 INFO  org.alidata.odps.udf.arima.ARIMATest.main(ARIMATest.java:96) [25=54595.0]
2017/08/22 17:00:18 INFO  org.alidata.odps.udf.arima.ARIMATest.main(ARIMATest.java:96) [26=12752.0]
2017/08/22 17:00:18 INFO  org.alidata.odps.udf.arima.ARIMATest.main(ARIMATest.java:96) [27=54166.0]
2017/08/22 17:00:18 INFO  org.alidata.odps.udf.arima.ARIMATest.main(ARIMATest.java:96) [28=43604.0]
2017/08/22 17:00:18 INFO  org.alidata.odps.udf.arima.ARIMATest.main(ARIMATest.java:96) [29=20614.0]
2017/08/22 17:00:18 INFO  org.alidata.odps.udf.arima.ARIMATest.main(ARIMATest.java:96) [30=18458.0]
2017/08/22 17:00:18 INFO  org.alidata.odps.udf.arima.ARIMATest.main(ARIMATest.java:96) [31=49886.0]
2017/08/22 17:00:18 INFO  org.alidata.odps.udf.arima.ARIMATest.main(ARIMATest.java:96) [32=42060.0]
2017/08/22 17:00:18 INFO  org.alidata.odps.udf.arima.ARIMATest.main(ARIMATest.java:96) [33=62510.0]
2017/08/22 17:00:18 INFO  org.alidata.odps.udf.arima.ARIMATest.main(ARIMATest.java:96) [34=29985.0]
2017/08/22 17:00:18 INFO  org.alidata.odps.udf.arima.ARIMATest.main(ARIMATest.java:96) [35=13973.0]
2017/08/22 17:00:18 INFO  org.alidata.odps.udf.arima.ARIMATest.main(ARIMATest.java:99) [target=61538.0]
2017/08/22 17:00:18 INFO  org.alidata.odps.udf.arima.ARIMAModel.getARIMAModel(ARIMAModel.java:135) [best model p=0 q=1 aic=770.0617266725908]
2017/08/22 17:00:18 INFO  org.alidata.odps.udf.arima.ARIMAModel.getARIMAModel(ARIMAModel.java:135) [best model p=0 q=2 aic=749.8120247515019]
2017/08/22 17:00:18 INFO  org.alidata.odps.udf.arima.ARIMAModel.getARIMAModel(ARIMAModel.java:135) [best model p=0 q=3 aic=730.8218788119306]
2017/08/22 17:00:18 INFO  org.alidata.odps.udf.arima.ARIMAModel.getARIMAModel(ARIMAModel.java:135) [best model p=0 q=4 aic=715.0135618581813]
2017/08/22 17:00:18 INFO  org.alidata.odps.udf.arima.ARIMAModel.getARIMAModel(ARIMAModel.java:135) [best model p=0 q=5 aic=699.2389819561862]
2017/08/22 17:00:18 INFO  org.alidata.odps.udf.arima.ARIMAModel.getARIMAModel(ARIMAModel.java:135) [best model p=0 q=6 aic=672.4492749805909]
2017/08/22 17:00:18 INFO  org.alidata.odps.udf.arima.ARIMAModel.getARIMAModel(ARIMAModel.java:135) [best model p=0 q=7 aic=662.7126885993882]
2017/08/22 17:00:18 INFO  org.alidata.odps.udf.arima.ARIMAModel.getARIMAModel(ARIMAModel.java:135) [best model p=0 q=8 aic=636.9391321022958]
2017/08/22 17:00:18 INFO  org.alidata.odps.udf.arima.ARIMAModel.getARIMAModel(ARIMAModel.java:135) [best model p=0 q=9 aic=619.5240019525379]
2017/08/22 17:00:18 INFO  org.alidata.odps.udf.arima.ARIMAModel.getARIMAModel(ARIMAModel.java:135) [best model p=0 q=10 aic=604.8622150181543]
2017/08/22 17:00:18 INFO  org.alidata.odps.udf.arima.ARIMAModel.getARIMAModel(ARIMAModel.java:135) [best model p=0 q=11 aic=582.4798468172993]
2017/08/22 17:00:18 INFO  org.alidata.odps.udf.arima.ARIMAModel.getARIMAModel(ARIMAModel.java:135) [best model p=0 q=12 aic=561.3817553332565]
2017/08/22 17:00:18 INFO  org.alidata.odps.udf.arima.ARIMAModel.getARIMAModel(ARIMAModel.java:135) [best model p=2 q=12 aic=553.5297220848959]
2017/08/22 17:00:18 INFO  org.alidata.odps.udf.arima.ARIMAModel.getARIMAModel(ARIMAModel.java:135) [best model p=4 q=10 aic=544.2764483851281]
2017/08/22 17:00:18 INFO  org.alidata.odps.udf.arima.ARIMAModel.getARIMAModel(ARIMAModel.java:135) [best model p=4 q=11 aic=530.1945167579258]
2017/08/22 17:00:18 INFO  org.alidata.odps.udf.arima.ARIMAModel.getARIMAModel(ARIMAModel.java:135) [best model p=4 q=12 aic=494.58956262184046]
2017/08/22 17:00:18 INFO  org.alidata.odps.udf.arima.ARIMAModel.getARIMAModel(ARIMAModel.java:135) [best model p=5 q=12 aic=474.36956895635694]
2017/08/22 17:00:18 INFO  org.alidata.odps.udf.arima.ARIMAModel.getARIMAModel(ARIMAModel.java:135) [best model p=6 q=12 aic=457.95363379525907]
2017/08/22 17:00:18 INFO  org.alidata.odps.udf.arima.ARIMAModel.getARIMAModel(ARIMAModel.java:135) [best model p=7 q=11 aic=449.91737002535467]
2017/08/22 17:00:18 INFO  org.alidata.odps.udf.arima.ARIMAModel.getARIMAModel(ARIMAModel.java:135) [best model p=7 q=12 aic=432.38753503628976]
2017/08/22 17:00:18 INFO  org.alidata.odps.udf.arima.ARIMAModel.getARIMAModel(ARIMAModel.java:135) [best model p=8 q=12 aic=425.8608844143574]
2017/08/22 17:00:18 INFO  org.alidata.odps.udf.arima.ARIMAModel.getARIMAModel(ARIMAModel.java:135) [best model p=10 q=10 aic=421.79924433579237]
2017/08/22 17:00:18 INFO  org.alidata.odps.udf.arima.ARIMAModel.getARIMAModel(ARIMAModel.java:135) [best model p=11 q=11 aic=414.0697033954179]
2017/08/22 17:00:18 INFO  org.alidata.odps.udf.arima.ARIMAModel.getARIMAModel(ARIMAModel.java:135) [best model p=11 q=12 aic=400.1402961855296]
2017/08/22 17:00:18 INFO  org.alidata.odps.udf.arima.ARIMAModel.getARIMAModel(ARIMAModel.java:135) [best model p=12 q=12 aic=372.1464559704537]
2017/08/22 17:00:18 INFO  org.alidata.odps.udf.arima.ARIMAModel.predictValue(ARIMAModel.java:190) [arCoe[0]=0.9759074499870398]
2017/08/22 17:00:18 INFO  org.alidata.odps.udf.arima.ARIMAModel.predictValue(ARIMAModel.java:190) [arCoe[1]=-0.8973632525139061]
2017/08/22 17:00:18 INFO  org.alidata.odps.udf.arima.ARIMAModel.predictValue(ARIMAModel.java:190) [arCoe[2]=-0.316259696594861]
2017/08/22 17:00:18 INFO  org.alidata.odps.udf.arima.ARIMAModel.predictValue(ARIMAModel.java:190) [arCoe[3]=0.7990908606048022]
2017/08/22 17:00:18 INFO  org.alidata.odps.udf.arima.ARIMAModel.predictValue(ARIMAModel.java:190) [arCoe[4]=2.1321295649004073]
2017/08/22 17:00:18 INFO  org.alidata.odps.udf.arima.ARIMAModel.predictValue(ARIMAModel.java:190) [arCoe[5]=1.9628906428140707]
2017/08/22 17:00:18 INFO  org.alidata.odps.udf.arima.ARIMAModel.predictValue(ARIMAModel.java:190) [arCoe[6]=2.170005959852892]
2017/08/22 17:00:18 INFO  org.alidata.odps.udf.arima.ARIMAModel.predictValue(ARIMAModel.java:190) [arCoe[7]=-1.0090964883173261]
2017/08/22 17:00:18 INFO  org.alidata.odps.udf.arima.ARIMAModel.predictValue(ARIMAModel.java:190) [arCoe[8]=-1.9102544649394266]
2017/08/22 17:00:18 INFO  org.alidata.odps.udf.arima.ARIMAModel.predictValue(ARIMAModel.java:190) [arCoe[9]=-1.7289014236958953]
2017/08/22 17:00:18 INFO  org.alidata.odps.udf.arima.ARIMAModel.predictValue(ARIMAModel.java:190) [arCoe[10]=-2.7589939938079273]
2017/08/22 17:00:18 INFO  org.alidata.odps.udf.arima.ARIMAModel.predictValue(ARIMAModel.java:190) [arCoe[11]=1.808489269783102]
2017/08/22 17:00:18 INFO  org.alidata.odps.udf.arima.ARIMAModel.predictValue(ARIMAModel.java:190) [arCoe[12]=-8.325885649177979E8]
2017/08/22 17:00:18 INFO  org.alidata.odps.udf.arima.ARIMAModel.predictValue(ARIMAModel.java:192) [p=12]
2017/08/22 17:00:18 INFO  org.alidata.odps.udf.arima.ARIMAModel.predictValue(ARIMAModel.java:195) [maCoe[0]=8.981850131280046E9]
2017/08/22 17:00:18 INFO  org.alidata.odps.udf.arima.ARIMAModel.predictValue(ARIMAModel.java:195) [maCoe[1]=0.40603460994619683]
2017/08/22 17:00:18 INFO  org.alidata.odps.udf.arima.ARIMAModel.predictValue(ARIMAModel.java:195) [maCoe[2]=0.18965546890352428]
2017/08/22 17:00:18 INFO  org.alidata.odps.udf.arima.ARIMAModel.predictValue(ARIMAModel.java:195) [maCoe[3]=-0.5179596870383781]
2017/08/22 17:00:18 INFO  org.alidata.odps.udf.arima.ARIMAModel.predictValue(ARIMAModel.java:195) [maCoe[4]=0.058839487150721154]
2017/08/22 17:00:18 INFO  org.alidata.odps.udf.arima.ARIMAModel.predictValue(ARIMAModel.java:195) [maCoe[5]=-0.0424139619457563]
2017/08/22 17:00:18 INFO  org.alidata.odps.udf.arima.ARIMAModel.predictValue(ARIMAModel.java:195) [maCoe[6]=-0.25390347626931076]
2017/08/22 17:00:18 INFO  org.alidata.odps.udf.arima.ARIMAModel.predictValue(ARIMAModel.java:195) [maCoe[7]=0.08985217897989764]
2017/08/22 17:00:18 INFO  org.alidata.odps.udf.arima.ARIMAModel.predictValue(ARIMAModel.java:195) [maCoe[8]=-0.09281594185355188]
2017/08/22 17:00:18 INFO  org.alidata.odps.udf.arima.ARIMAModel.predictValue(ARIMAModel.java:195) [maCoe[9]=-0.08423251233074572]
2017/08/22 17:00:18 INFO  org.alidata.odps.udf.arima.ARIMAModel.predictValue(ARIMAModel.java:195) [maCoe[10]=0.1363894888693757]
2017/08/22 17:00:18 INFO  org.alidata.odps.udf.arima.ARIMAModel.predictValue(ARIMAModel.java:195) [maCoe[11]=0.2793938070756444]
2017/08/22 17:00:18 INFO  org.alidata.odps.udf.arima.ARIMAModel.predictValue(ARIMAModel.java:195) [maCoe[12]=-0.4006324712797305]
2017/08/22 17:00:18 INFO  org.alidata.odps.udf.arima.ARIMAModel.predictValue(ARIMAModel.java:197) [q=12]
2017/08/22 17:00:18 INFO  org.alidata.odps.udf.arima.ARIMATest.main(ARIMATest.java:110) [BestModel is 12 12]
2017/08/22 17:00:18 INFO  org.alidata.odps.udf.arima.ARIMATest.main(ARIMATest.java:115) [Predict value=90605.0 Target value=61538.0 Predict error=0.47234229256719423]
2017/08/22 17:00:18 INFO  org.alidata.odps.udf.arima.ARIMATest.main(ARIMATest.java:44) [line 4: 201407_14146.0;201408_8462.0;201409_78634.0;201410_21384.0;201411_29239.0;201412_65901.0;201501_55628.0;201502_16516.0;201504_7976.0;201505_7955.0;201506_20732.0;201507_3928.0;201509_17303.0;201510_11592.0;201511_46993.0;201512_70363.0;201601_19146.0;201603_24247.0;201604_1200.0;201605_4982.0;201606_27534.0;201607_35741.0;201608_11565.0;201609_93703.0;201610_9615.0;201611_89313.0;201612_7328.0;201701_52661.0;201702_10770.0;201703_13922.0;201705_20442.0;201706_612.0;201707_4992.0]
2017/08/22 17:00:18 INFO  org.alidata.odps.udf.arima.ARIMATest.main(ARIMATest.java:96) [0=14146.0]
2017/08/22 17:00:18 INFO  org.alidata.odps.udf.arima.ARIMATest.main(ARIMATest.java:96) [1=8462.0]
2017/08/22 17:00:18 INFO  org.alidata.odps.udf.arima.ARIMATest.main(ARIMATest.java:96) [2=78634.0]
2017/08/22 17:00:18 INFO  org.alidata.odps.udf.arima.ARIMATest.main(ARIMATest.java:96) [3=21384.0]
2017/08/22 17:00:18 INFO  org.alidata.odps.udf.arima.ARIMATest.main(ARIMATest.java:96) [4=29239.0]
2017/08/22 17:00:18 INFO  org.alidata.odps.udf.arima.ARIMATest.main(ARIMATest.java:96) [5=65901.0]
2017/08/22 17:00:18 INFO  org.alidata.odps.udf.arima.ARIMATest.main(ARIMATest.java:96) [6=55628.0]
2017/08/22 17:00:18 INFO  org.alidata.odps.udf.arima.ARIMATest.main(ARIMATest.java:96) [7=16516.0]
2017/08/22 17:00:18 INFO  org.alidata.odps.udf.arima.ARIMATest.main(ARIMATest.java:96) [8=0.0]
2017/08/22 17:00:18 INFO  org.alidata.odps.udf.arima.ARIMATest.main(ARIMATest.java:96) [9=7976.0]
2017/08/22 17:00:18 INFO  org.alidata.odps.udf.arima.ARIMATest.main(ARIMATest.java:96) [10=7955.0]
2017/08/22 17:00:18 INFO  org.alidata.odps.udf.arima.ARIMATest.main(ARIMATest.java:96) [11=20732.0]
2017/08/22 17:00:18 INFO  org.alidata.odps.udf.arima.ARIMATest.main(ARIMATest.java:96) [12=3928.0]
2017/08/22 17:00:18 INFO  org.alidata.odps.udf.arima.ARIMATest.main(ARIMATest.java:96) [13=0.0]
2017/08/22 17:00:18 INFO  org.alidata.odps.udf.arima.ARIMATest.main(ARIMATest.java:96) [14=17303.0]
2017/08/22 17:00:18 INFO  org.alidata.odps.udf.arima.ARIMATest.main(ARIMATest.java:96) [15=11592.0]
2017/08/22 17:00:18 INFO  org.alidata.odps.udf.arima.ARIMATest.main(ARIMATest.java:96) [16=46993.0]
2017/08/22 17:00:18 INFO  org.alidata.odps.udf.arima.ARIMATest.main(ARIMATest.java:96) [17=70363.0]
2017/08/22 17:00:18 INFO  org.alidata.odps.udf.arima.ARIMATest.main(ARIMATest.java:96) [18=19146.0]
2017/08/22 17:00:18 INFO  org.alidata.odps.udf.arima.ARIMATest.main(ARIMATest.java:96) [19=0.0]
2017/08/22 17:00:18 INFO  org.alidata.odps.udf.arima.ARIMATest.main(ARIMATest.java:96) [20=24247.0]
2017/08/22 17:00:18 INFO  org.alidata.odps.udf.arima.ARIMATest.main(ARIMATest.java:96) [21=1200.0]
2017/08/22 17:00:18 INFO  org.alidata.odps.udf.arima.ARIMATest.main(ARIMATest.java:96) [22=4982.0]
2017/08/22 17:00:18 INFO  org.alidata.odps.udf.arima.ARIMATest.main(ARIMATest.java:96) [23=27534.0]
2017/08/22 17:00:18 INFO  org.alidata.odps.udf.arima.ARIMATest.main(ARIMATest.java:96) [24=35741.0]
2017/08/22 17:00:18 INFO  org.alidata.odps.udf.arima.ARIMATest.main(ARIMATest.java:96) [25=11565.0]
2017/08/22 17:00:18 INFO  org.alidata.odps.udf.arima.ARIMATest.main(ARIMATest.java:96) [26=93703.0]
2017/08/22 17:00:18 INFO  org.alidata.odps.udf.arima.ARIMATest.main(ARIMATest.java:96) [27=9615.0]
2017/08/22 17:00:18 INFO  org.alidata.odps.udf.arima.ARIMATest.main(ARIMATest.java:96) [28=89313.0]
2017/08/22 17:00:18 INFO  org.alidata.odps.udf.arima.ARIMATest.main(ARIMATest.java:96) [29=7328.0]
2017/08/22 17:00:18 INFO  org.alidata.odps.udf.arima.ARIMATest.main(ARIMATest.java:96) [30=52661.0]
2017/08/22 17:00:18 INFO  org.alidata.odps.udf.arima.ARIMATest.main(ARIMATest.java:96) [31=10770.0]
2017/08/22 17:00:18 INFO  org.alidata.odps.udf.arima.ARIMATest.main(ARIMATest.java:96) [32=13922.0]
2017/08/22 17:00:18 INFO  org.alidata.odps.udf.arima.ARIMATest.main(ARIMATest.java:96) [33=0.0]
2017/08/22 17:00:18 INFO  org.alidata.odps.udf.arima.ARIMATest.main(ARIMATest.java:96) [34=20442.0]
2017/08/22 17:00:18 INFO  org.alidata.odps.udf.arima.ARIMATest.main(ARIMATest.java:96) [35=612.0]
2017/08/22 17:00:18 INFO  org.alidata.odps.udf.arima.ARIMATest.main(ARIMATest.java:99) [target=4992.0]
2017/08/22 17:00:18 INFO  org.alidata.odps.udf.arima.ARIMAModel.getARIMAModel(ARIMAModel.java:135) [best model p=0 q=1 aic=759.7294133378902]
2017/08/22 17:00:18 INFO  org.alidata.odps.udf.arima.ARIMAModel.getARIMAModel(ARIMAModel.java:135) [best model p=0 q=2 aic=744.233360488333]
2017/08/22 17:00:18 INFO  org.alidata.odps.udf.arima.ARIMAModel.getARIMAModel(ARIMAModel.java:135) [best model p=0 q=3 aic=718.6331942731562]
2017/08/22 17:00:18 INFO  org.alidata.odps.udf.arima.ARIMAModel.getARIMAModel(ARIMAModel.java:135) [best model p=0 q=4 aic=705.6859187489401]
2017/08/22 17:00:18 INFO  org.alidata.odps.udf.arima.ARIMAModel.getARIMAModel(ARIMAModel.java:135) [best model p=0 q=5 aic=683.3699337768352]
2017/08/22 17:00:18 INFO  org.alidata.odps.udf.arima.ARIMAModel.getARIMAModel(ARIMAModel.java:135) [best model p=0 q=6 aic=658.1338864468976]
2017/08/22 17:00:18 INFO  org.alidata.odps.udf.arima.ARIMAModel.getARIMAModel(ARIMAModel.java:135) [best model p=0 q=7 aic=641.4644750541074]
2017/08/22 17:00:18 INFO  org.alidata.odps.udf.arima.ARIMAModel.getARIMAModel(ARIMAModel.java:135) [best model p=0 q=8 aic=617.6951574405583]
2017/08/22 17:00:18 INFO  org.alidata.odps.udf.arima.ARIMAModel.getARIMAModel(ARIMAModel.java:135) [best model p=0 q=9 aic=610.0943508869362]
2017/08/22 17:00:18 INFO  org.alidata.odps.udf.arima.ARIMAModel.getARIMAModel(ARIMAModel.java:135) [best model p=0 q=10 aic=587.5164749280839]
2017/08/22 17:00:18 INFO  org.alidata.odps.udf.arima.ARIMAModel.getARIMAModel(ARIMAModel.java:135) [best model p=0 q=11 aic=569.1387965521321]
2017/08/22 17:00:18 INFO  org.alidata.odps.udf.arima.ARIMAModel.getARIMAModel(ARIMAModel.java:135) [best model p=0 q=12 aic=548.7189023791459]
2017/08/22 17:00:18 INFO  org.alidata.odps.udf.arima.ARIMAModel.getARIMAModel(ARIMAModel.java:135) [best model p=1 q=12 aic=545.5506906882791]
2017/08/22 17:00:18 INFO  org.alidata.odps.udf.arima.ARIMAModel.getARIMAModel(ARIMAModel.java:135) [best model p=2 q=12 aic=523.3457453458539]
2017/08/22 17:00:18 INFO  org.alidata.odps.udf.arima.ARIMAModel.getARIMAModel(ARIMAModel.java:135) [best model p=3 q=12 aic=502.9837121990976]
2017/08/22 17:00:18 INFO  org.alidata.odps.udf.arima.ARIMAModel.getARIMAModel(ARIMAModel.java:135) [best model p=6 q=11 aic=500.77778496398565]
2017/08/22 17:00:18 INFO  org.alidata.odps.udf.arima.ARIMAModel.getARIMAModel(ARIMAModel.java:135) [best model p=7 q=11 aic=454.45753178277585]
2017/08/22 17:00:18 INFO  org.alidata.odps.udf.arima.ARIMAModel.getARIMAModel(ARIMAModel.java:135) [best model p=8 q=11 aic=433.0213387622228]
2017/08/22 17:00:18 INFO  org.alidata.odps.udf.arima.ARIMAModel.getARIMAModel(ARIMAModel.java:135) [best model p=8 q=12 aic=429.10208774069037]
2017/08/22 17:00:18 INFO  org.alidata.odps.udf.arima.ARIMAModel.getARIMAModel(ARIMAModel.java:135) [best model p=9 q=11 aic=421.59699387855454]
2017/08/22 17:00:18 INFO  org.alidata.odps.udf.arima.ARIMAModel.getARIMAModel(ARIMAModel.java:135) [best model p=9 q=12 aic=394.7632346945571]
2017/08/22 17:00:18 INFO  org.alidata.odps.udf.arima.ARIMAModel.getARIMAModel(ARIMAModel.java:135) [best model p=10 q=12 aic=390.3927866164049]
2017/08/22 17:00:18 INFO  org.alidata.odps.udf.arima.ARIMAModel.getARIMAModel(ARIMAModel.java:135) [best model p=12 q=12 aic=353.991890605466]
2017/08/22 17:00:18 INFO  org.alidata.odps.udf.arima.ARIMAModel.predictValue(ARIMAModel.java:190) [arCoe[0]=-0.9624161581205914]
2017/08/22 17:00:18 INFO  org.alidata.odps.udf.arima.ARIMAModel.predictValue(ARIMAModel.java:190) [arCoe[1]=1.5735402970835954]
2017/08/22 17:00:18 INFO  org.alidata.odps.udf.arima.ARIMAModel.predictValue(ARIMAModel.java:190) [arCoe[2]=0.20095374128872745]
2017/08/22 17:00:18 INFO  org.alidata.odps.udf.arima.ARIMAModel.predictValue(ARIMAModel.java:190) [arCoe[3]=-0.9084576695893869]
2017/08/22 17:00:18 INFO  org.alidata.odps.udf.arima.ARIMAModel.predictValue(ARIMAModel.java:190) [arCoe[4]=-0.7333110530841829]
2017/08/22 17:00:18 INFO  org.alidata.odps.udf.arima.ARIMAModel.predictValue(ARIMAModel.java:190) [arCoe[5]=0.21100656602681078]
2017/08/22 17:00:18 INFO  org.alidata.odps.udf.arima.ARIMAModel.predictValue(ARIMAModel.java:190) [arCoe[6]=-0.6205393119167661]
2017/08/22 17:00:18 INFO  org.alidata.odps.udf.arima.ARIMAModel.predictValue(ARIMAModel.java:190) [arCoe[7]=0.4655160664353819]
2017/08/22 17:00:18 INFO  org.alidata.odps.udf.arima.ARIMAModel.predictValue(ARIMAModel.java:190) [arCoe[8]=1.081566664253336]
2017/08/22 17:00:18 INFO  org.alidata.odps.udf.arima.ARIMAModel.predictValue(ARIMAModel.java:190) [arCoe[9]=0.5827590827711617]
2017/08/22 17:00:18 INFO  org.alidata.odps.udf.arima.ARIMAModel.predictValue(ARIMAModel.java:190) [arCoe[10]=-1.646152555966924]
2017/08/22 17:00:18 INFO  org.alidata.odps.udf.arima.ARIMAModel.predictValue(ARIMAModel.java:190) [arCoe[11]=0.8565412621310985]
2017/08/22 17:00:18 INFO  org.alidata.odps.udf.arima.ARIMAModel.predictValue(ARIMAModel.java:190) [arCoe[12]=-8.512659398848674E8]
2017/08/22 17:00:18 INFO  org.alidata.odps.udf.arima.ARIMAModel.predictValue(ARIMAModel.java:192) [p=12]
2017/08/22 17:00:18 INFO  org.alidata.odps.udf.arima.ARIMAModel.predictValue(ARIMAModel.java:195) [maCoe[0]=2.9572496753159266E9]
2017/08/22 17:00:18 INFO  org.alidata.odps.udf.arima.ARIMAModel.predictValue(ARIMAModel.java:195) [maCoe[1]=-0.36319394621667883]
2017/08/22 17:00:18 INFO  org.alidata.odps.udf.arima.ARIMAModel.predictValue(ARIMAModel.java:195) [maCoe[2]=-0.30649923126392037]
2017/08/22 17:00:18 INFO  org.alidata.odps.udf.arima.ARIMAModel.predictValue(ARIMAModel.java:195) [maCoe[3]=-0.3538788228885889]
2017/08/22 17:00:18 INFO  org.alidata.odps.udf.arima.ARIMAModel.predictValue(ARIMAModel.java:195) [maCoe[4]=0.17788758778936165]
2017/08/22 17:00:18 INFO  org.alidata.odps.udf.arima.ARIMAModel.predictValue(ARIMAModel.java:195) [maCoe[5]=-0.20022227561806907]
2017/08/22 17:00:18 INFO  org.alidata.odps.udf.arima.ARIMAModel.predictValue(ARIMAModel.java:195) [maCoe[6]=0.13587747027748204]
2017/08/22 17:00:18 INFO  org.alidata.odps.udf.arima.ARIMAModel.predictValue(ARIMAModel.java:195) [maCoe[7]=-0.025333330101416446]
2017/08/22 17:00:18 INFO  org.alidata.odps.udf.arima.ARIMAModel.predictValue(ARIMAModel.java:195) [maCoe[8]=-0.16222922524231365]
2017/08/22 17:00:18 INFO  org.alidata.odps.udf.arima.ARIMAModel.predictValue(ARIMAModel.java:195) [maCoe[9]=-0.3912086899185517]
2017/08/22 17:00:18 INFO  org.alidata.odps.udf.arima.ARIMAModel.predictValue(ARIMAModel.java:195) [maCoe[10]=-0.28912999346079726]
2017/08/22 17:00:18 INFO  org.alidata.odps.udf.arima.ARIMAModel.predictValue(ARIMAModel.java:195) [maCoe[11]=0.01480336805555818]
2017/08/22 17:00:18 INFO  org.alidata.odps.udf.arima.ARIMAModel.predictValue(ARIMAModel.java:195) [maCoe[12]=-0.1834657510191845]
2017/08/22 17:00:18 INFO  org.alidata.odps.udf.arima.ARIMAModel.predictValue(ARIMAModel.java:197) [q=12]
2017/08/22 17:00:18 INFO  org.alidata.odps.udf.arima.ARIMATest.main(ARIMATest.java:110) [BestModel is 12 12]
2017/08/22 17:00:18 INFO  org.alidata.odps.udf.arima.ARIMATest.main(ARIMATest.java:115) [Predict value=-87338.0 Target value=4992.0 Predict error=-18.49559294871795]
2017/08/22 17:00:18 INFO  org.alidata.odps.udf.arima.ARIMATest.main(ARIMATest.java:44) [line 5: 201407_7804.0;201408_13689.0;201409_13901.0;201410_29569.0;201411_11721.0;201412_34818.0;201501_40808.0;201502_9640.0;201503_18050.0;201504_15719.0;201505_11568.0;201506_32126.0;201507_84746.0;201508_26960.0;201509_64773.0;201510_28013.0;201511_44037.0;201512_52529.0;201601_12410.0;201602_24541.0;201603_73910.0;201604_92400.0;201605_78080.0;201606_80610.0;201607_97432.0;201608_79177.0;201609_51181.0;201610_134598.0;201611_68421.0;201612_145110.0;201701_47291.0;201702_135102.0;201703_109708.0;201704_122333.0;201705_100049.0;201706_48876.0;201707_155885.0]
2017/08/22 17:00:18 INFO  org.alidata.odps.udf.arima.ARIMATest.main(ARIMATest.java:96) [0=7804.0]
2017/08/22 17:00:18 INFO  org.alidata.odps.udf.arima.ARIMATest.main(ARIMATest.java:96) [1=13689.0]
2017/08/22 17:00:18 INFO  org.alidata.odps.udf.arima.ARIMATest.main(ARIMATest.java:96) [2=13901.0]
2017/08/22 17:00:18 INFO  org.alidata.odps.udf.arima.ARIMATest.main(ARIMATest.java:96) [3=29569.0]
2017/08/22 17:00:18 INFO  org.alidata.odps.udf.arima.ARIMATest.main(ARIMATest.java:96) [4=11721.0]
2017/08/22 17:00:18 INFO  org.alidata.odps.udf.arima.ARIMATest.main(ARIMATest.java:96) [5=34818.0]
2017/08/22 17:00:18 INFO  org.alidata.odps.udf.arima.ARIMATest.main(ARIMATest.java:96) [6=40808.0]
2017/08/22 17:00:18 INFO  org.alidata.odps.udf.arima.ARIMATest.main(ARIMATest.java:96) [7=9640.0]
2017/08/22 17:00:18 INFO  org.alidata.odps.udf.arima.ARIMATest.main(ARIMATest.java:96) [8=18050.0]
2017/08/22 17:00:18 INFO  org.alidata.odps.udf.arima.ARIMATest.main(ARIMATest.java:96) [9=15719.0]
2017/08/22 17:00:18 INFO  org.alidata.odps.udf.arima.ARIMATest.main(ARIMATest.java:96) [10=11568.0]
2017/08/22 17:00:18 INFO  org.alidata.odps.udf.arima.ARIMATest.main(ARIMATest.java:96) [11=32126.0]
2017/08/22 17:00:18 INFO  org.alidata.odps.udf.arima.ARIMATest.main(ARIMATest.java:96) [12=84746.0]
2017/08/22 17:00:18 INFO  org.alidata.odps.udf.arima.ARIMATest.main(ARIMATest.java:96) [13=26960.0]
2017/08/22 17:00:18 INFO  org.alidata.odps.udf.arima.ARIMATest.main(ARIMATest.java:96) [14=64773.0]
2017/08/22 17:00:18 INFO  org.alidata.odps.udf.arima.ARIMATest.main(ARIMATest.java:96) [15=28013.0]
2017/08/22 17:00:18 INFO  org.alidata.odps.udf.arima.ARIMATest.main(ARIMATest.java:96) [16=44037.0]
2017/08/22 17:00:18 INFO  org.alidata.odps.udf.arima.ARIMATest.main(ARIMATest.java:96) [17=52529.0]
2017/08/22 17:00:18 INFO  org.alidata.odps.udf.arima.ARIMATest.main(ARIMATest.java:96) [18=12410.0]
2017/08/22 17:00:18 INFO  org.alidata.odps.udf.arima.ARIMATest.main(ARIMATest.java:96) [19=24541.0]
2017/08/22 17:00:18 INFO  org.alidata.odps.udf.arima.ARIMATest.main(ARIMATest.java:96) [20=73910.0]
2017/08/22 17:00:18 INFO  org.alidata.odps.udf.arima.ARIMATest.main(ARIMATest.java:96) [21=92400.0]
2017/08/22 17:00:18 INFO  org.alidata.odps.udf.arima.ARIMATest.main(ARIMATest.java:96) [22=78080.0]
2017/08/22 17:00:18 INFO  org.alidata.odps.udf.arima.ARIMATest.main(ARIMATest.java:96) [23=80610.0]
2017/08/22 17:00:18 INFO  org.alidata.odps.udf.arima.ARIMATest.main(ARIMATest.java:96) [24=97432.0]
2017/08/22 17:00:18 INFO  org.alidata.odps.udf.arima.ARIMATest.main(ARIMATest.java:96) [25=79177.0]
2017/08/22 17:00:18 INFO  org.alidata.odps.udf.arima.ARIMATest.main(ARIMATest.java:96) [26=51181.0]
2017/08/22 17:00:18 INFO  org.alidata.odps.udf.arima.ARIMATest.main(ARIMATest.java:96) [27=134598.0]
2017/08/22 17:00:18 INFO  org.alidata.odps.udf.arima.ARIMATest.main(ARIMATest.java:96) [28=68421.0]
2017/08/22 17:00:18 INFO  org.alidata.odps.udf.arima.ARIMATest.main(ARIMATest.java:96) [29=145110.0]
2017/08/22 17:00:18 INFO  org.alidata.odps.udf.arima.ARIMATest.main(ARIMATest.java:96) [30=47291.0]
2017/08/22 17:00:18 INFO  org.alidata.odps.udf.arima.ARIMATest.main(ARIMATest.java:96) [31=135102.0]
2017/08/22 17:00:18 INFO  org.alidata.odps.udf.arima.ARIMATest.main(ARIMATest.java:96) [32=109708.0]
2017/08/22 17:00:18 INFO  org.alidata.odps.udf.arima.ARIMATest.main(ARIMATest.java:96) [33=122333.0]
2017/08/22 17:00:18 INFO  org.alidata.odps.udf.arima.ARIMATest.main(ARIMATest.java:96) [34=100049.0]
2017/08/22 17:00:18 INFO  org.alidata.odps.udf.arima.ARIMATest.main(ARIMATest.java:96) [35=48876.0]
2017/08/22 17:00:18 INFO  org.alidata.odps.udf.arima.ARIMATest.main(ARIMATest.java:99) [target=155885.0]
2017/08/22 17:00:18 INFO  org.alidata.odps.udf.arima.ARIMAModel.getARIMAModel(ARIMAModel.java:135) [best model p=0 q=1 aic=806.4510002595118]
2017/08/22 17:00:18 INFO  org.alidata.odps.udf.arima.ARIMAModel.getARIMAModel(ARIMAModel.java:135) [best model p=0 q=2 aic=785.8962048576266]
2017/08/22 17:00:18 INFO  org.alidata.odps.udf.arima.ARIMAModel.getARIMAModel(ARIMAModel.java:135) [best model p=0 q=3 aic=770.1601097660426]
2017/08/22 17:00:18 INFO  org.alidata.odps.udf.arima.ARIMAModel.getARIMAModel(ARIMAModel.java:135) [best model p=0 q=4 aic=756.3167275906192]
2017/08/22 17:00:18 INFO  org.alidata.odps.udf.arima.ARIMAModel.getARIMAModel(ARIMAModel.java:135) [best model p=0 q=5 aic=725.1312188473761]
2017/08/22 17:00:18 INFO  org.alidata.odps.udf.arima.ARIMAModel.getARIMAModel(ARIMAModel.java:135) [best model p=0 q=6 aic=711.1618487033537]
2017/08/22 17:00:18 INFO  org.alidata.odps.udf.arima.ARIMAModel.getARIMAModel(ARIMAModel.java:135) [best model p=0 q=7 aic=688.2572418828986]
2017/08/22 17:00:18 INFO  org.alidata.odps.udf.arima.ARIMAModel.getARIMAModel(ARIMAModel.java:135) [best model p=0 q=8 aic=675.1185389777987]
2017/08/22 17:00:18 INFO  org.alidata.odps.udf.arima.ARIMAModel.getARIMAModel(ARIMAModel.java:135) [best model p=0 q=9 aic=654.0242666750196]
2017/08/22 17:00:18 INFO  org.alidata.odps.udf.arima.ARIMAModel.getARIMAModel(ARIMAModel.java:135) [best model p=0 q=10 aic=631.876593905863]
2017/08/22 17:00:18 INFO  org.alidata.odps.udf.arima.ARIMAModel.getARIMAModel(ARIMAModel.java:135) [best model p=0 q=11 aic=614.6716330448314]
2017/08/22 17:00:18 INFO  org.alidata.odps.udf.arima.ARIMAModel.getARIMAModel(ARIMAModel.java:135) [best model p=0 q=12 aic=601.3103880061473]
2017/08/22 17:00:18 INFO  org.alidata.odps.udf.arima.ARIMAModel.getARIMAModel(ARIMAModel.java:135) [best model p=1 q=9 aic=599.5710788852768]
2017/08/22 17:00:18 INFO  org.alidata.odps.udf.arima.ARIMAModel.getARIMAModel(ARIMAModel.java:135) [best model p=1 q=10 aic=590.1118131217828]
2017/08/22 17:00:18 INFO  org.alidata.odps.udf.arima.ARIMAModel.getARIMAModel(ARIMAModel.java:135) [best model p=2 q=9 aic=586.4726047297692]
2017/08/22 17:00:18 INFO  org.alidata.odps.udf.arima.ARIMAModel.getARIMAModel(ARIMAModel.java:135) [best model p=3 q=9 aic=579.8579718486454]
2017/08/22 17:00:18 INFO  org.alidata.odps.udf.arima.ARIMAModel.getARIMAModel(ARIMAModel.java:135) [best model p=3 q=10 aic=571.398092734651]
2017/08/22 17:00:18 INFO  org.alidata.odps.udf.arima.ARIMAModel.getARIMAModel(ARIMAModel.java:135) [best model p=4 q=9 aic=564.6296389900461]
2017/08/22 17:00:18 INFO  org.alidata.odps.udf.arima.ARIMAModel.getARIMAModel(ARIMAModel.java:135) [best model p=4 q=11 aic=557.5023614655875]
2017/08/22 17:00:18 INFO  org.alidata.odps.udf.arima.ARIMAModel.getARIMAModel(ARIMAModel.java:135) [best model p=4 q=12 aic=506.9887447352492]
2017/08/22 17:00:18 INFO  org.alidata.odps.udf.arima.ARIMAModel.getARIMAModel(ARIMAModel.java:135) [best model p=5 q=12 aic=495.02757722577996]
2017/08/22 17:00:18 INFO  org.alidata.odps.udf.arima.ARIMAModel.getARIMAModel(ARIMAModel.java:135) [best model p=6 q=12 aic=459.14984708824767]
2017/08/22 17:00:18 INFO  org.alidata.odps.udf.arima.ARIMAModel.getARIMAModel(ARIMAModel.java:135) [best model p=7 q=12 aic=443.7699191430615]
2017/08/22 17:00:18 INFO  org.alidata.odps.udf.arima.ARIMAModel.getARIMAModel(ARIMAModel.java:135) [best model p=8 q=11 aic=442.42843855486024]
2017/08/22 17:00:18 INFO  org.alidata.odps.udf.arima.ARIMAModel.getARIMAModel(ARIMAModel.java:135) [best model p=8 q=12 aic=420.125298035525]
2017/08/22 17:00:18 INFO  org.alidata.odps.udf.arima.ARIMAModel.getARIMAModel(ARIMAModel.java:135) [best model p=9 q=12 aic=408.5942043418163]
2017/08/22 17:00:18 INFO  org.alidata.odps.udf.arima.ARIMAModel.getARIMAModel(ARIMAModel.java:135) [best model p=10 q=12 aic=385.39398384719806]
2017/08/22 17:00:18 INFO  org.alidata.odps.udf.arima.ARIMAModel.getARIMAModel(ARIMAModel.java:135) [best model p=11 q=11 aic=384.59123415404554]
2017/08/22 17:00:18 INFO  org.alidata.odps.udf.arima.ARIMAModel.getARIMAModel(ARIMAModel.java:135) [best model p=12 q=12 aic=379.9722115095493]
2017/08/22 17:00:18 INFO  org.alidata.odps.udf.arima.ARIMAModel.predictValue(ARIMAModel.java:190) [arCoe[0]=-2.7476371288852754]
2017/08/22 17:00:18 INFO  org.alidata.odps.udf.arima.ARIMAModel.predictValue(ARIMAModel.java:190) [arCoe[1]=4.2526872793140384]
2017/08/22 17:00:18 INFO  org.alidata.odps.udf.arima.ARIMAModel.predictValue(ARIMAModel.java:190) [arCoe[2]=-0.6796725859584177]
2017/08/22 17:00:18 INFO  org.alidata.odps.udf.arima.ARIMAModel.predictValue(ARIMAModel.java:190) [arCoe[3]=2.1320855471002798]
2017/08/22 17:00:18 INFO  org.alidata.odps.udf.arima.ARIMAModel.predictValue(ARIMAModel.java:190) [arCoe[4]=-0.6214525685753947]
2017/08/22 17:00:18 INFO  org.alidata.odps.udf.arima.ARIMAModel.predictValue(ARIMAModel.java:190) [arCoe[5]=0.4640004975215457]
2017/08/22 17:00:18 INFO  org.alidata.odps.udf.arima.ARIMAModel.predictValue(ARIMAModel.java:190) [arCoe[6]=-0.0536565715254565]
2017/08/22 17:00:18 INFO  org.alidata.odps.udf.arima.ARIMAModel.predictValue(ARIMAModel.java:190) [arCoe[7]=-1.5198130301342694]
2017/08/22 17:00:18 INFO  org.alidata.odps.udf.arima.ARIMAModel.predictValue(ARIMAModel.java:190) [arCoe[8]=1.0535867410238944]
2017/08/22 17:00:18 INFO  org.alidata.odps.udf.arima.ARIMAModel.predictValue(ARIMAModel.java:190) [arCoe[9]=-1.2563424931889173]
2017/08/22 17:00:18 INFO  org.alidata.odps.udf.arima.ARIMAModel.predictValue(ARIMAModel.java:190) [arCoe[10]=3.8902625871108856]
2017/08/22 17:00:18 INFO  org.alidata.odps.udf.arima.ARIMAModel.predictValue(ARIMAModel.java:190) [arCoe[11]=-2.3965787302698867]
2017/08/22 17:00:18 INFO  org.alidata.odps.udf.arima.ARIMAModel.predictValue(ARIMAModel.java:190) [arCoe[12]=2.9305690912253237E9]
2017/08/22 17:00:18 INFO  org.alidata.odps.udf.arima.ARIMAModel.predictValue(ARIMAModel.java:192) [p=12]
2017/08/22 17:00:18 INFO  org.alidata.odps.udf.arima.ARIMAModel.predictValue(ARIMAModel.java:195) [maCoe[0]=2.386705087324525E10]
2017/08/22 17:00:18 INFO  org.alidata.odps.udf.arima.ARIMAModel.predictValue(ARIMAModel.java:195) [maCoe[1]=-0.5803255026361693]
2017/08/22 17:00:18 INFO  org.alidata.odps.udf.arima.ARIMAModel.predictValue(ARIMAModel.java:195) [maCoe[2]=0.35064647307087865]
2017/08/22 17:00:18 INFO  org.alidata.odps.udf.arima.ARIMAModel.predictValue(ARIMAModel.java:195) [maCoe[3]=0.1708875377620454]
2017/08/22 17:00:18 INFO  org.alidata.odps.udf.arima.ARIMAModel.predictValue(ARIMAModel.java:195) [maCoe[4]=0.0817974215037727]
2017/08/22 17:00:18 INFO  org.alidata.odps.udf.arima.ARIMAModel.predictValue(ARIMAModel.java:195) [maCoe[5]=0.08949270395546917]
2017/08/22 17:00:18 INFO  org.alidata.odps.udf.arima.ARIMAModel.predictValue(ARIMAModel.java:195) [maCoe[6]=-0.23131654748196054]
2017/08/22 17:00:18 INFO  org.alidata.odps.udf.arima.ARIMAModel.predictValue(ARIMAModel.java:195) [maCoe[7]=0.09085578116227705]
2017/08/22 17:00:18 INFO  org.alidata.odps.udf.arima.ARIMAModel.predictValue(ARIMAModel.java:195) [maCoe[8]=0.39526385089505667]
2017/08/22 17:00:18 INFO  org.alidata.odps.udf.arima.ARIMAModel.predictValue(ARIMAModel.java:195) [maCoe[9]=0.36925878674644985]
2017/08/22 17:00:18 INFO  org.alidata.odps.udf.arima.ARIMAModel.predictValue(ARIMAModel.java:195) [maCoe[10]=0.1321226343228493]
2017/08/22 17:00:18 INFO  org.alidata.odps.udf.arima.ARIMAModel.predictValue(ARIMAModel.java:195) [maCoe[11]=-0.2497990477183618]
2017/08/22 17:00:18 INFO  org.alidata.odps.udf.arima.ARIMAModel.predictValue(ARIMAModel.java:195) [maCoe[12]=-0.3055488175113471]
2017/08/22 17:00:18 INFO  org.alidata.odps.udf.arima.ARIMAModel.predictValue(ARIMAModel.java:197) [q=12]
2017/08/22 17:00:18 INFO  org.alidata.odps.udf.arima.ARIMATest.main(ARIMATest.java:110) [BestModel is 12 12]
2017/08/22 17:00:18 INFO  org.alidata.odps.udf.arima.ARIMATest.main(ARIMATest.java:115) [Predict value=652461.0 Target value=155885.0 Predict error=3.185527792924271]
2017/08/22 17:00:18 INFO  org.alidata.odps.udf.arima.ARIMATest.main(ARIMATest.java:121) [total diff =8.14253672581564  total line =6]
